2023-08-30T04:17:56.109Z Server listening on port 3000
2023-08-30T04:18:10.052Z 2023-08-30T04:18:10.052Z GET /
2023-08-30T04:18:38.450Z Server listening on port 3000
2023-08-30T04:18:39.577Z Server listening on port 3000
2023-08-30T04:19:36.256Z Server listening on port 3000
2023-08-30T04:19:45.392Z Server listening on port 3000
2023-08-30T04:19:49.610Z Server listening on port 3000
2023-08-30T04:20:04.168Z Server listening on port 3000
2023-08-30T04:20:05.270Z Server listening on port 3000
2023-08-30T04:20:09.099Z Server listening on port 3000
2023-08-30T04:20:19.082Z Server listening on port 3000
2023-08-30T04:20:20.171Z Server listening on port 3000
2023-08-30T04:20:21.350Z Server listening on port 3000
2023-08-30T04:20:25.000Z Server listening on port 3000
2023-08-30T04:20:28.021Z Server listening on port 3000
2023-08-30T04:20:31.094Z Server listening on port 3000
2023-08-30T04:20:42.962Z Server listening on port 3000
2023-08-30T04:20:51.776Z Server listening on port 3000
2023-08-30T04:21:03.672Z Server listening on port 3000
2023-08-30T04:21:10.046Z Server listening on port 3000
2023-08-30T04:21:41.787Z Server listening on port 3000
2023-08-30T04:21:58.249Z Server listening on port 3000
2023-08-30T04:22:01.285Z Server listening on port 3000
2023-08-30T04:22:13.910Z Server listening on port 3000
2023-08-30T04:25:16.908Z Server listening on port 3000
2023-08-30T04:25:43.834Z Server listening on port 3000
2023-08-30T04:25:46.718Z Server listening on port 3000
2023-08-30T04:25:50.093Z Server listening on port 3000
2023-08-30T04:25:54.263Z Server listening on port 3000
2023-08-30T04:26:00.440Z Server listening on port 3000
2023-08-30T04:26:02.387Z Server listening on port 3000
2023-08-30T04:26:08.315Z Server listening on port 3000
2023-08-30T04:26:14.529Z Server listening on port 3000
2023-08-30T04:26:17.659Z Server listening on port 3000
2023-08-30T04:26:20.698Z Server listening on port 3000
2023-08-30T04:26:26.229Z Server listening on port 3000
2023-08-30T04:27:12.767Z Server listening on port 3000
2023-08-30T04:27:22.921Z Server listening on port 3000
2023-08-30T04:35:36.623Z Server listening on port 3000
2023-08-30T04:36:06.596Z Server listening on port 3000
2023-08-30T04:36:13.696Z Server listening on port 3000
2023-08-30T04:36:14.887Z Server listening on port 3000
2023-08-30T04:36:52.789Z Server listening on port 3000
2023-08-30T04:37:04.222Z Server listening on port 3000
2023-08-30T04:37:05.460Z Server listening on port 3000
2023-08-30T04:40:10.730Z Creating new connection
2023-08-30T04:40:10.754Z Server listening on port 3000
2023-08-30T04:40:13.503Z Creating new connection
2023-08-30T04:40:13.527Z Server listening on port 3000
2023-08-30T04:40:46.577Z Creating new connection
2023-08-30T04:40:46.601Z Server listening on port 3000
2023-08-30T04:40:49.040Z Creating new connection
2023-08-30T04:40:49.073Z Server listening on port 3000
2023-08-30T04:40:59.045Z Creating new connection
2023-08-30T04:40:59.069Z Server listening on port 3000
2023-08-30T04:41:07.127Z Creating new connection
2023-08-30T04:41:07.152Z Server listening on port 3000
2023-08-30T04:41:25.667Z Creating new connection
2023-08-30T04:41:25.691Z Server listening on port 3000
2023-08-30T04:41:25.817Z Database query failed
2023-08-30T04:41:30.447Z Database query failed
2023-08-30T04:43:42.362Z Creating new connection
2023-08-30T04:43:42.386Z Server listening on port 3000
2023-08-30T04:43:44.974Z Creating new connection
2023-08-30T04:43:44.997Z Server listening on port 3000
2023-08-30T04:44:04.849Z Creating new connection
2023-08-30T04:44:04.873Z Server listening on port 3000
2023-08-30T04:44:14.007Z Creating new connection
2023-08-30T04:44:14.031Z Server listening on port 3000
2023-08-30T04:44:15.987Z Creating new connection
2023-08-30T04:44:16.011Z Server listening on port 3000
2023-08-30T04:44:40.545Z Creating new connection
2023-08-30T04:44:40.569Z Server listening on port 3000
2023-08-30T04:44:41.985Z Creating new connection
2023-08-30T04:44:42.012Z Server listening on port 3000
2023-08-30T04:44:44.547Z Creating new connection
2023-08-30T04:44:44.574Z Server listening on port 3000
2023-08-30T04:44:47.552Z Creating new connection
2023-08-30T04:44:47.583Z Server listening on port 3000
2023-08-30T04:44:49.139Z Creating new connection
2023-08-30T04:44:49.164Z Server listening on port 3000
2023-08-30T04:44:52.550Z Creating new connection
2023-08-30T04:44:52.574Z Server listening on port 3000
2023-08-30T04:44:58.120Z Creating new connection
2023-08-30T04:44:58.144Z Server listening on port 3000
2023-08-30T04:45:01.389Z Database query failed
2023-08-30T04:45:23.297Z Creating new connection
2023-08-30T04:45:23.319Z Server listening on port 3000
2023-08-30T04:45:27.000Z Creating new connection
2023-08-30T04:45:27.023Z Server listening on port 3000
2023-08-30T04:46:00.842Z Database query failed
2023-08-30T04:46:18.962Z Creating new connection
2023-08-30T04:46:18.986Z Server listening on port 3000
2023-08-30T04:46:20.239Z DB_HOST
2023-08-30T04:46:20.242Z Creating new connection
2023-08-30T04:46:20.267Z Server listening on port 3000
2023-08-30T04:46:25.226Z undefined
2023-08-30T04:46:25.229Z Creating new connection
2023-08-30T04:46:25.252Z Server listening on port 3000
2023-08-30T04:46:26.872Z 
2023-08-30T04:46:26.874Z Creating new connection
2023-08-30T04:46:26.898Z Server listening on port 3000
2023-08-30T04:46:28.611Z DB
2023-08-30T04:46:28.614Z Creating new connection
2023-08-30T04:46:28.637Z Server listening on port 3000
2023-08-30T04:46:30.742Z DB
2023-08-30T04:46:30.744Z Creating new connection
2023-08-30T04:46:30.768Z Server listening on port 3000
2023-08-30T04:46:40.962Z DB=
2023-08-30T04:46:40.964Z Creating new connection
2023-08-30T04:46:40.998Z Server listening on port 3000
